<?xml version="1.0" encoding="UTF-8"?>
<!-- Generated by org.testng.reporters.JUnitXMLReporter -->
<testsuite ignored="0" hostname="LAPTOP-KT7UCOLS" failures="0" tests="4" name="TestRunner-2" time="0.075" errors="0" timestamp="2021-08-24T18:01:25 IST">
  <testcase classname="com.vtiger.genericLib.BaseClass" name="@BeforeClass ConfigBC" time="-1.629808285468E9">
    <failure type="org.testng.TestNGException" message="
Parameter &amp;apos;Browser&amp;apos; is required by BeforeClass on method ConfigBC but has not been marked @Optional or defined
in D:\eclipse\seleniumproject\DistributedParallelExecution.xml">
      <![CDATA[org.testng.TestNGException: 
Parameter 'Browser' is required by BeforeClass on method ConfigBC but has not been marked @Optional or defined
in D:\eclipse\seleniumproject\DistributedParallelExecution.xml
at java.base/java.util.ArrayList.forEach(ArrayList.java:1507)
at java.base/java.util.concurrent.FutureTask.run(FutureTask.java:264)
at java.base/java.util.concurrent.ThreadPoolExecutor.runWorker(ThreadPoolExecutor.java:1128)
at java.base/java.util.concurrent.ThreadPoolExecutor$Worker.run(ThreadPoolExecutor.java:628)
at java.base/java.lang.Thread.run(Thread.java:830)
... Removed 13 stack frames]]>
    </failure>
  </testcase> <!-- @BeforeClass ConfigBC -->
  <testcase classname="com.vtiger.genericLib.BaseClass" name="@BeforeMethod configBM" time="-1.629808285487E9">
    <skipped/>
  </testcase> <!-- @BeforeMethod configBM -->
  <testcase classname="com.vtiger.genericLib.BaseClass" name="@AfterMethod configAm" time="-1.629808285495E9">
    <skipped/>
  </testcase> <!-- @AfterMethod configAm -->
  <testcase classname="com.vtiger.genericLib.BaseClass" name="@BeforeMethod configBM" time="-1.629808285496E9">
    <skipped/>
  </testcase> <!-- @BeforeMethod configBM -->
  <testcase classname="com.vtiger.genericLib.BaseClass" name="@AfterMethod configAm" time="-1.629808285501E9">
    <skipped/>
  </testcase> <!-- @AfterMethod configAm -->
  <testcase classname="com.vtiger.genericLib.BaseClass" name="@BeforeMethod configBM" time="-1.629808285503E9">
    <skipped/>
  </testcase> <!-- @BeforeMethod configBM -->
  <testcase classname="com.vtiger.genericLib.BaseClass" name="@AfterMethod configAm" time="-1.629808285506E9">
    <skipped/>
  </testcase> <!-- @AfterMethod configAm -->
  <testcase classname="com.vtiger.genericLib.BaseClass" name="@BeforeMethod configBM" time="-1.629808285509E9">
    <skipped/>
  </testcase> <!-- @BeforeMethod configBM -->
  <testcase classname="com.vtiger.genericLib.BaseClass" name="@AfterMethod configAm" time="-1.629808285513E9">
    <skipped/>
  </testcase> <!-- @AfterMethod configAm -->
  <testcase classname="com.vtiger.genericLib.BaseClass" name="@AfterClass ConfigAC" time="-1.629808285515E9">
    <skipped/>
  </testcase> <!-- @AfterClass ConfigAC -->
  <testcase classname="com.vtiger.createnewleadTest.CreatingNewLead_tc_13java" name="CreatingNewLeadInvalidTest" time="0.0">
    <skipped/>
  </testcase> <!-- CreatingNewLeadInvalidTest -->
  <testcase classname="com.vtiger.createnewleadTest.CreatingNewLead_tc_13java" name="CreatingNewLeadTest" time="0.0">
    <skipped/>
  </testcase> <!-- CreatingNewLeadTest -->
  <testcase classname="com.vtiger.createnewleadTest.CreatingNewLead_tc_13java" name="InValidemailTest" time="0.0">
    <skipped/>
  </testcase> <!-- InValidemailTest -->
  <testcase classname="com.vtiger.createnewleadTest.CreatingNewLead_tc_13java" name="InValidemailTest1" time="0.0">
    <skipped/>
  </testcase> <!-- InValidemailTest1 -->
</testsuite> <!-- TestRunner-2 -->
